<?xml version="1.0" encoding="UTF-8"?>
<testsuite name="de.fynnkoch.modules.contactinformation.ContactInformationControllerIntegrationTest" tests="1" skipped="0" failures="0" errors="0" timestamp="2024-07-28T13:31:31" hostname="fkoch-pc" time="0.904">
  <properties/>
  <testcase name="getContactInformation()" classname="de.fynnkoch.modules.contactinformation.ContactInformationControllerIntegrationTest" time="0.904"/>
  <system-out><![CDATA[15:31:27.782 [Test worker] INFO org.springframework.test.context.support.AnnotationConfigContextLoaderUtils -- Could not detect default configuration classes for test class [de.fynnkoch.modules.contactinformation.ContactInformationControllerIntegrationTest]: ContactInformationControllerIntegrationTest does not declare any static, non-private, non-final, nested classes annotated with @Configuration.
15:31:27.842 [Test worker] INFO org.springframework.boot.test.context.SpringBootTestContextBootstrapper -- Found @SpringBootConfiguration de.fynnkoch.Application for test class de.fynnkoch.modules.contactinformation.ContactInformationControllerIntegrationTest
2024-07-28T15:31:28.335+02:00  INFO 7532 --- [    Test worker] o.t.d.DockerClientProviderStrategy       : Loaded org.testcontainers.dockerclient.UnixSocketClientProviderStrategy from ~/.testcontainers.properties, will try it first
2024-07-28T15:31:28.477+02:00  INFO 7532 --- [    Test worker] o.t.d.DockerClientProviderStrategy       : Found Docker environment with local Unix socket (unix:///var/run/docker.sock)
2024-07-28T15:31:28.478+02:00  INFO 7532 --- [    Test worker] org.testcontainers.DockerClientFactory   : Docker host IP address is localhost
2024-07-28T15:31:28.486+02:00  INFO 7532 --- [    Test worker] org.testcontainers.DockerClientFactory   : Connected to docker: 
  Server Version: 27.1.1
  API Version: 1.46
  Operating System: Arch Linux
  Total Memory: 31951 MB
2024-07-28T15:31:28.491+02:00  INFO 7532 --- [    Test worker] org.testcontainers.images.PullPolicy     : Image pull policy will be performed by: DefaultPullPolicy()
2024-07-28T15:31:28.492+02:00  INFO 7532 --- [    Test worker] o.t.utility.ImageNameSubstitutor         : Image name substitution will be performed by: DefaultImageNameSubstitutor (composite of 'ConfigurationFileImageNameSubstitutor' and 'PrefixingImageNameSubstitutor')
2024-07-28T15:31:28.501+02:00  INFO 7532 --- [    Test worker] tc.testcontainers/ryuk:0.7.0             : Creating container for image: testcontainers/ryuk:0.7.0
2024-07-28T15:31:28.503+02:00  INFO 7532 --- [    Test worker] o.t.utility.RegistryAuthLocator          : Failure when attempting to lookup auth config. Please ignore if you don't have images in an authenticated registry. Details: (dockerImageName: testcontainers/ryuk:0.7.0, configFile: /home/fkoch/.docker/config.json, configEnv: DOCKER_AUTH_CONFIG). Falling back to docker-java default behaviour. Exception message: Status 404: No config supplied. Checked in order: /home/fkoch/.docker/config.json (file not found), DOCKER_AUTH_CONFIG (not set)
2024-07-28T15:31:28.549+02:00  INFO 7532 --- [    Test worker] tc.testcontainers/ryuk:0.7.0             : Container testcontainers/ryuk:0.7.0 is starting: fe1992014aed74ea3ffba86f4e2ec3a145d5f9a43778f80409f68e526c6e4da2
2024-07-28T15:31:28.766+02:00  INFO 7532 --- [    Test worker] tc.testcontainers/ryuk:0.7.0             : Container testcontainers/ryuk:0.7.0 started in PT0.264525295S
2024-07-28T15:31:28.768+02:00  INFO 7532 --- [    Test worker] o.t.utility.RyukResourceReaper           : Ryuk started - will monitor and terminate Testcontainers containers on JVM exit
2024-07-28T15:31:28.768+02:00  INFO 7532 --- [    Test worker] org.testcontainers.DockerClientFactory   : Checking the system...
2024-07-28T15:31:28.768+02:00  INFO 7532 --- [    Test worker] org.testcontainers.DockerClientFactory   : ✔︎ Docker server version should be at least 1.6.0
2024-07-28T15:31:28.843+02:00  WARN 7532 --- [    Test worker] c.p.t.common.utils.ContainerUtils        : Custom Docker image bitnami/postgresql:16.3.0 configured for the container. Note that it may not be compatible with the default Docker image postgres:16-alpine.
2024-07-28T15:31:28.843+02:00  INFO 7532 --- [    Test worker] c.p.t.common.utils.ContainerUtils        : Starting container with Docker image: bitnami/postgresql:16.3.0
2024-07-28T15:31:28.844+02:00  INFO 7532 --- [    Test worker] tc.bitnami/postgresql:16.3.0             : Creating container for image: bitnami/postgresql:16.3.0
2024-07-28T15:31:28.860+02:00  INFO 7532 --- [    Test worker] tc.bitnami/postgresql:16.3.0             : Container bitnami/postgresql:16.3.0 is starting: fb168ea6f71daf01a52e911de2065bd1edb8bd06ced55809834455fea4ffe894
2024-07-28T15:31:29.720+02:00  INFO 7532 --- [    Test worker] tc.bitnami/postgresql:16.3.0             : Container bitnami/postgresql:16.3.0 started in PT0.876058892S
2024-07-28T15:31:29.720+02:00  INFO 7532 --- [    Test worker] tc.bitnami/postgresql:16.3.0             : Container is started (JDBC URL: jdbc:postgresql://localhost:32776/test_db?loggerLevel=OFF)
2024-07-28T15:31:29.724+02:00  INFO 7532 --- [    Test worker] EmbeddedPostgreSQLBootstrapConfiguration : bitnami/postgresql:16.3.0 build 2024-07-25T10:38:13+02:00 (3 days ago) startup time is 0 seconds
2024-07-28T15:31:29.724+02:00  INFO 7532 --- [    Test worker] EmbeddedPostgreSQLBootstrapConfiguration : Started postgresql server. Connection details: {embedded.postgresql.port=32776, embedded.postgresql.host=localhost, embedded.postgresql.schema=test_db, embedded.postgresql.user=postgresql, embedded.postgresql.password=letmein, embedded.postgresql.networkAlias=postgresql.testcontainer.docker, embedded.postgresql.internalPort=5432}, JDBC connection url: jdbc:postgresql://localhost:32776/test_db
  ____  _____ ____  _   _ __  __ _____ 
 |  _ \| ____/ ___|| | | |  \/  | ____|
 | |_) |  _| \___ \| | | | |\/| |  _|  
 |  _ <| |___ ___) | |_| | |  | | |___ 
 |_| \_\_____|____/ \___/|_|  |_|_____|
 :: Spring Boot ::               3.3.2


2024-07-28T15:31:29.785+02:00  INFO 7532 --- [    Test worker] tactInformationControllerIntegrationTest : The following 1 profile is active: "test"
2024-07-28T15:31:30.068+02:00  INFO 7532 --- [    Test worker] .s.d.r.c.RepositoryConfigurationDelegate : Bootstrapping Spring Data JPA repositories in DEFAULT mode.
2024-07-28T15:31:30.090+02:00  INFO 7532 --- [    Test worker] .s.d.r.c.RepositoryConfigurationDelegate : Finished Spring Data repository scanning in 18 ms. Found 1 JPA repository interface.
2024-07-28T15:31:30.148+02:00  INFO 7532 --- [    Test worker] o.s.cloud.context.scope.GenericScope     : BeanFactory id=9833310f-b0f9-3802-864d-27ea8d50801d
2024-07-28T15:31:30.370+02:00  INFO 7532 --- [    Test worker] o.s.b.w.embedded.tomcat.TomcatWebServer  : Tomcat initialized with port 0 (http)
2024-07-28T15:31:30.377+02:00  INFO 7532 --- [    Test worker] o.apache.catalina.core.StandardService   : Starting service [Tomcat]
2024-07-28T15:31:30.378+02:00  INFO 7532 --- [    Test worker] o.apache.catalina.core.StandardEngine    : Starting Servlet engine: [Apache Tomcat/10.1.26]
2024-07-28T15:31:30.411+02:00  INFO 7532 --- [    Test worker] o.a.c.c.C.[Tomcat].[localhost].[/]       : Initializing Spring embedded WebApplicationContext
2024-07-28T15:31:30.411+02:00  INFO 7532 --- [    Test worker] w.s.c.ServletWebServerApplicationContext : Root WebApplicationContext: initialization completed in 623 ms
2024-07-28T15:31:30.614+02:00  INFO 7532 --- [    Test worker] org.flywaydb.core.FlywayExecutor         : Database: jdbc:postgresql://localhost:32776/test_db (PostgreSQL 16.3)
2024-07-28T15:31:30.630+02:00  INFO 7532 --- [    Test worker] o.f.c.i.s.JdbcTableSchemaHistory         : Schema history table "public"."flyway_schema_history" does not exist yet
2024-07-28T15:31:30.631+02:00  INFO 7532 --- [    Test worker] o.f.core.internal.command.DbValidate     : Successfully validated 1 migration (execution time 00:00.007s)
2024-07-28T15:31:30.637+02:00  INFO 7532 --- [    Test worker] o.f.c.i.s.JdbcTableSchemaHistory         : Creating Schema History table "public"."flyway_schema_history" ...
2024-07-28T15:31:30.662+02:00  INFO 7532 --- [    Test worker] o.f.core.internal.command.DbMigrate      : Current version of schema "public": << Empty Schema >>
2024-07-28T15:31:30.665+02:00  INFO 7532 --- [    Test worker] o.f.core.internal.command.DbMigrate      : Migrating schema "public" to version "1 - Initial"
2024-07-28T15:31:30.677+02:00  INFO 7532 --- [    Test worker] o.f.core.internal.command.DbMigrate      : Successfully applied 1 migration to schema "public", now at version v1 (execution time 00:00.004s)
2024-07-28T15:31:30.718+02:00  INFO 7532 --- [    Test worker] o.hibernate.jpa.internal.util.LogHelper  : HHH000204: Processing PersistenceUnitInfo [name: default]
2024-07-28T15:31:30.743+02:00  INFO 7532 --- [    Test worker] org.hibernate.Version                    : HHH000412: Hibernate ORM core version 6.5.2.Final
2024-07-28T15:31:30.758+02:00  INFO 7532 --- [    Test worker] o.h.c.internal.RegionFactoryInitiator    : HHH000026: Second-level cache disabled
2024-07-28T15:31:30.877+02:00  INFO 7532 --- [    Test worker] o.s.o.j.p.SpringPersistenceUnitInfo      : No LoadTimeWeaver setup: ignoring JPA class transformer
2024-07-28T15:31:30.887+02:00  INFO 7532 --- [    Test worker] com.zaxxer.hikari.HikariDataSource       : HikariPool-1 - Starting...
2024-07-28T15:31:30.900+02:00  INFO 7532 --- [    Test worker] com.zaxxer.hikari.pool.HikariPool        : HikariPool-1 - Added connection org.postgresql.jdbc.PgConnection@42a198dd
2024-07-28T15:31:30.901+02:00  INFO 7532 --- [    Test worker] com.zaxxer.hikari.HikariDataSource       : HikariPool-1 - Start completed.
2024-07-28T15:31:31.260+02:00  INFO 7532 --- [    Test worker] o.h.e.t.j.p.i.JtaPlatformInitiator       : HHH000489: No JTA platform available (set 'hibernate.transaction.jta.platform' to enable JTA platform integration)
2024-07-28T15:31:31.274+02:00  INFO 7532 --- [    Test worker] j.LocalContainerEntityManagerFactoryBean : Initialized JPA EntityManagerFactory for persistence unit 'default'
2024-07-28T15:31:31.439+02:00  WARN 7532 --- [    Test worker] JpaBaseConfiguration$JpaWebConfiguration : spring.jpa.open-in-view is enabled by default. Therefore, database queries may be performed during view rendering. Explicitly configure spring.jpa.open-in-view to disable this warning
2024-07-28T15:31:31.689+02:00  INFO 7532 --- [    Test worker] o.s.b.w.embedded.tomcat.TomcatWebServer  : Tomcat started on port 45419 (http) with context path '/'
2024-07-28T15:31:31.696+02:00  INFO 7532 --- [    Test worker] tactInformationControllerIntegrationTest : Started ContactInformationControllerIntegrationTest in 3.794 seconds (process running for 4.309)
Hibernate: delete from contact_information ci1_0
Hibernate: insert into contact_information (created_at,first_name,last_modified_at,last_name,id) values (?,?,?,?,?)
2024-07-28T15:31:32.473+02:00  INFO 7532 --- [o-auto-1-exec-1] o.a.c.c.C.[Tomcat].[localhost].[/]       : Initializing Spring DispatcherServlet 'dispatcherServlet'
2024-07-28T15:31:32.473+02:00  INFO 7532 --- [o-auto-1-exec-1] o.s.web.servlet.DispatcherServlet        : Initializing Servlet 'dispatcherServlet'
2024-07-28T15:31:32.474+02:00  INFO 7532 --- [o-auto-1-exec-1] o.s.web.servlet.DispatcherServlet        : Completed initialization in 1 ms
Hibernate: select ci1_0.id,ci1_0.created_at,ci1_0.first_name,ci1_0.last_modified_at,ci1_0.last_name from contact_information ci1_0 where ci1_0.id=?
]]></system-out>
  <system-err><![CDATA[WARNING: A Java agent has been loaded dynamically (/home/fkoch/.gradle/caches/modules-2/files-2.1/net.bytebuddy/byte-buddy-agent/1.14.18/417558ea01fe9f0e8a94af28b9469d281c4e3984/byte-buddy-agent-1.14.18.jar)
WARNING: If a serviceability tool is in use, please run with -XX:+EnableDynamicAgentLoading to hide this warning
WARNING: If a serviceability tool is not in use, please run with -Djdk.instrument.traceUsage for more information
WARNING: Dynamic loading of agents will be disallowed by default in a future release
]]></system-err>
</testsuite>
